1611935847143:add 4 8
1611935851609:ewr
1611935856618:add f g
1611935862490:help
1611935884708:stacktrace
1611936408998:exit
1611936701811:add 4
1611937006388:add 1 2 3 4 5
1611937091767:add 1 2 3 4
1611937100988:add 1 2 3 4 5 6
1611937104892:add 1 2 3
1611937122086:add 1 2 3 4
1611937172853:add 1 2 3 4 5 6
1611937771535:help
1611937883433:echo all "sdg dfg dfg"
1611937966878:echo all 'Hallo "Oma"'
1611938062761:help help
1611938066338:help add
1611939010621:help
1611939017711:echo
1611939033358:echo all
1611939039769:echo all ee
1611939458347:echo all dfg
1611939463144:help
1611939476548:history
1611939493866:script
1611939499795:script dfsg
1611940023717:help
1611940027238:clear
1611942691883:dsfs
1611943769021:echo all dfg
1611943778839:echo all sdf
1611944624043:echo all abc
1611944630090:echo all asd
1611946889869:pwd
1611954852259:help
1611955272837:list archies
1611955278585:list archives
1611999703736:help help
1611999707078:help pwd
1612000735554:exit
1612011556694:help
1612011558912:exit
1612025767123:help
1612025769157:exit
1612025891645:help
1612025893740:exit
1612088785657:help
1612088793738:save login
1612088799759:stacktrace
1612088907299:save login
1612089186208:help
1612089196834:help save
1612089202115:save settings
1612089208689:save login
1612089493850:help
1612089526645:save login
1612089549542:clear login
1612102251638:save login
1612102254366:exit
1612103347613:help
1612104049403:hostinfo
1612104223521:hostinfo dfsg
1612108386194:hostinfo
1612108422023:stacktrace
1612108551913:hostinfo
1612109278637:hostnfo
1612109282743:hostinfo
1612109971458:hostinfo synology
1612110030386:hostinfo
1612110041503:hostinfo synology
1612110051119:hostinfo Synology
1612110098573:hostinfo sdgds
1612110260414:hostinfo
1612110283409:hostinfo dsfds
1612110356335:hostinfo synology
1612110359853:hostinfo dsfg
1612111022388:show host
1612111031328:show host -a
1612111067676:show host dsdfg -a
1612111077384:help
1612111142048:help show host
1612111152124:help show
1612111158189:help "show host"
1612112043710:show host -a
1612117272346:stacktrace
1612117313070:show host -a
1612118776682:show host
1612118782711:show host -a
1612130088418:edit host
1612130094125:edit host 12
1612131345252:edit host
1612131419183:edit 0
1612131423372:edit host 0
1612131427985:edit host 1
1612131431302:edit host 2
1612131437285:edit host localhost
1612131443560:edit host synology
1612131449041:edit host dfg
1612131464107:stacktrace
1612131575029:edit host dfg
1612131585310:edit host tupacamaru
1612131590849:edit host TUPACAmaru
1612131599832:EDIT HOST
1612132088956:edit host
1612132101742:edit host synology
1612132407883:edit host
1612132509957:show host
1612132515942:show host synology
1612133023073:show host
1612133027133:edit host
1612161443178:edit host tupacamaru
1612161551056:list hosts
1612161557569:list host -a
1612161571055:show host -a
1612162243402:edit host tupacamaru
1612162283748:edit host
1612162430682:show host
1612162437526:show host -a
1612162450702:edit host tupacamaru
1612162509475:show host -a
1612256862984:create host
1612256889389:stacktrace
1612257041924:create host
1612257266373:create host pachacutec
1612257304376:show host -a
1612257336230:edit host pachacutec
1612261605993:create host
1612261762478:show host -a
1612263426901:delete host
1612263461336:delete host yupanqui
1612263480411:show host -a
1612263558644:delete host yupanqui
1612263567124:show host -a
1612263575667:delete host 4
1612269143328:show host -a
1612269635037:delete host tupacamaru
1612269865618:show host -a
1612269876065:delete host tupacamaru
1612281741359:show host -r
1612281759481:show host tupacamaru -r
1612281773091:shoh host -r tupacamaru
1612281781630:show host -r tupacamaru
1612281903026:show host -r synology
1612281930611:show host -a
1612281961913:show host -r tupacamaru
1612285829277:show host -r synology
1612287114707:open archive
1612287125667:open archive 7
1612287137145:open archiv 1
1612287144673:open archive 1
1612287434396:open archiv 1
1612287439106:close archiv
1612287464952:help
1612337800725:show host -a
1612337821075:stacktrace
1612338056914:show host -a
1612338314428:edit host pachacutec
1612339779846:show host pachacutec
1612339785283:show host -a
1612339837073:show host pachacutec
1612339843546:edit host pachacutec
1612340395613:stacktrace
1612340480898:edit host pachacutec
1612340663130:show host pachacutec
1612340669840:edit host pachacutec
1612340726600:show host -a
1612340981836:edit host pachacutec
1612341221371:edit host
1612341928490:show host -r
1612342020531:delete host
1612342144022:open archive 4
1612342195569:open archiv 4
1612342260835:close archiv
1612342268547:show host -a
1612342288452:edit host pachacutec
1612342541209:list archives
1612342560868:open archiv
1612342570996:open archive 5
1612342575989:open archiv 5
1612342663559:show host -a
1612342674059:show host -a -r
1612342701405:edit host pachacutec
1612342717821:show host -a
1612427316763:show host -r
1612427324032:show host -a
1612427328219:create host
1612427355357:stacktrace
1612427451572:create host
1612427497520:crate host
1612427501821:create host
1612427555700:show host -r
1612427560236:show host -a
1612427588380:edit host "Local FTP"
1612427813461:open archive 7
1612427898864:open archiv 7
1612427903496:open archive 7
1612428080877:close archive
1612428124246:open archive 7
1612428976306:open archiv
1612428982642:open archive 7
1612429516243:close archive
1612429580621:open archive 7
1612429584528:close archive
1612429687417:open archive 7
1612429691043:close archive
1612430414902:open archive 7
1612430419762:close archive
1612433640389:open archive 7
1612433647256:close archive
1612434500719:pwd
1612434506932:stacktrace
1612434583631:pwd
1612434595730:open archive 1
1612434598651:pwd
1612434610686:open archive 7
1612434612389:pwd
