1612717178417:pwd
1612717203450:open archive 11
1612717205826:pwd
1612717207108:ls
1612717219047:quit
1612717257634:save login
1612717259340:exit
1612717800206:open archive 1
1612718458325:ls
1612718463326:cd xandria
1612718465248:pwd
1612718471568:ls
1612719769611:exit
1612772550604:eopn archive 1
1612772555166:open archive 1
1612772557088:ls
1612772569244:show archive
1612772581932:show host
1612772598182:open archive 2
1612772600276:ls
1612772609151:stacktrace
1612772631587:show archive -a
1612772644649:show archive -v
1612772659710:open archive 6
1612772661835:ls
1612772672178:show archive
1612772703395:open archive 2
1612772704723:ls
1612772708723:stacktrace
1612772850512:exit
1612777698370:open arcive 4
1612777701795:open archive 4
1612777703637:ls
1612777745511:größe
1612777768615:exit
1612778102176:open archive 4
1612778103525:ls
1612778126844:exit
1612778164055:open archive 4
1612778165616:ls
